✨ [13:18:01] INFO     │ portfolio_ask   │ ============================================================
✨ [13:18:01] INFO     │ portfolio_ask   │ NEW SESSION STARTED
✨ [13:18:01] INFO     │ portfolio_ask   │ ============================================================
✨ [13:19:06] INFO     │ portfolio_ask   │ ============================================================
✨ [13:19:06] INFO     │ portfolio_ask   │ NEW SESSION STARTED
✨ [13:19:06] INFO     │ portfolio_ask   │ ============================================================
✨ [13:19:35] INFO     │ portfolio_ask   │ ============================================================
✨ [13:19:35] INFO     │ portfolio_ask   │ NEW SESSION STARTED
✨ [13:19:35] INFO     │ portfolio_ask   │ ============================================================
✨ [13:49:27] INFO     │ portfolio_ask   │ ============================================================
✨ [13:49:27] INFO     │ portfolio_ask   │ NEW SESSION STARTED
✨ [13:49:27] INFO     │ portfolio_ask   │ ============================================================
✨ [13:50:43] INFO     │ portfolio_ask   │ User Query: Which of my holdings are most at risk this week, and are any of them already underwater?
✨ [13:50:45] INFO     │ portfolio_ask   │ Tool Call: news_impact_tool | Query: Which of my holdings are most at risk this week?
✨ [13:50:53] INFO     │ portfolio_ask   │ Tool Result [NEWS_IMPACT]: {"query":"Which of my holdings are most at risk this week?","impacts":[{"ticker":"LT.NS","company_name":"Larsen & Toubro Ltd","exposure_level":"LOW","portfolio_weight_pct":9.037351159902258,"rationale":"While LT.NS is listed as an affected ticker, the news content primarily details Bajaj Finance's Q3 results. Any impact on Larsen & Toubro would be indirect, likely stemming from broader market sentiment or general financial sector performance rather than a direct fundamental impact.","sources":["news_06.md"]}],"summary":"Based on the provided news, the portfolio faces minimal direct risk this week. Only Larsen & Toubro (LT.NS) is identified as tangentially affected by news concerning Bajaj Finance's Q3 results. The impact is assessed as low, given the lack of direct relevance to LT.NS's core operations. A general market review piece provided no specific ticker impacts. Overall, no significant immediate threats to portfolio holdings are evident from the current news flow.","tools_used":[]}
✨ [13:50:55] INFO     │ portfolio_ask   │ Tool Call: metrics_tool | Query: Are any of my holdings currently underwater?
✨ [13:51:00] INFO     │ portfolio_ask   │ Tool Result [METRICS]: {"query":"Are any of my holdings currently underwater?","metrics":{"TCS.NS_P&L":"-29.95%","HDFCBANK.NS_P&L":"-48.40%","INFY.NS_P&L":"-11.39%"},"answer":"Yes, several holdings are currently underwater. These include Tata Consultancy Services Ltd (TCS.NS) with an Unrealized P&L of -29.95%, HDFC Bank Ltd (HDFCBANK.NS) with an Unrealized P&L of -48.40%, and Infosys Ltd (INFY.NS) with an Unrealized P&L of -11.39%.","sources":["portfolio.json","news_06.md"],"tools_used":[]}
✨ [13:52:03] INFO     │ portfolio_ask   │ Slash Command: /portfolio
✨ [13:52:11] INFO     │ portfolio_ask   │ Slash Command: /helps
✨ [13:52:19] INFO     │ portfolio_ask   │ Slash Command: /help
✨ [13:52:23] INFO     │ portfolio_ask   │ Slash Command: /c
✨ [13:52:47] INFO     │ portfolio_ask   │ ============================================================
✨ [13:52:47] INFO     │ portfolio_ask   │ NEW SESSION STARTED
✨ [13:52:47] INFO     │ portfolio_ask   │ ============================================================
✨ [13:53:10] INFO     │ portfolio_ask   │ User Query: What is my exposure to the IT sector?
✨ [13:53:12] INFO     │ portfolio_ask   │ Tool Call: allocation_tool | Query: exposure to the IT sector
✨ [13:53:18] INFO     │ portfolio_ask   │ Tool Result [ALLOCATION]: {"query":"exposure to the IT sector","answer":"Our portfolio maintains a strategic exposure to the Information Technology sector, representing a combined weight of 13.03% of the total portfolio value, amounting to ₹350,674.22. This allocation is primarily concentrated in two key industry leaders: Tata Consultancy Services Ltd (TCS.NS) at 7.50% and Infosys Ltd (INFY.NS) at 5.53%. While the IT sector has recently faced headwinds, with TCS and Infosys reporting muted Q3 earnings and decelerating revenue growth, we observe a nuanced landscape. Globally, tech stocks have rallied on AI optimism, a trend from which Indian IT, with its robust global delivery models, is well-positioned to benefit. Furthermore, Tata Consultancy Services recently secured a significant five-year managed services contract valued at approximately $1.2 billion with a leading European insurer, covering application modernization, cloud migration, and AI-led operations. This substantial deal, the largest in the BFSI vertical for TCS in two years, underscores the potential for recovery and growth in the sector, particularly in H2 FY25. Our current positioning reflects a balanced approach, acknowledging short-term challenges while maintaining exposure to long-term growth drivers and strategic contract wins.","allocation":[{"sector":"Information Technology","weight_pct":13.03,"value_inr":350674.22}],"holdings_referenced":["TCS.NS","INFY.NS"],"sources":["IT Sector Faces Headwinds: TCS and Infosys Report Muted Earnings","news_15.md","portfolio_news_TCS.NS","TCS wins $1.2B deal with European insurance firm","Global Tech Stocks Rally on AI Optimism","portfolio_news_DIXON.NS","news_02.md","news_12.md"],"tools_used":[]}
✨ [13:53:46] INFO     │ portfolio_ask   │ User Query: What is my exposure to the IT sector?
✨ [13:54:07] INFO     │ portfolio_ask   │ Tool Call: allocation_tool | Query: What is my exposure to the IT sector?
✨ [13:54:13] INFO     │ portfolio_ask   │ Tool Result [ALLOCATION]: {"query":"What is my exposure to the IT sector?","answer":"Our portfolio maintains a strategic exposure to the Information Technology sector, representing 13.03% of the total portfolio value, amounting to ₹350,667. This allocation is primarily distributed across two key holdings: Tata Consultancy Services Ltd (TCS.NS) at 7.50% and Infosys Ltd (INFY.NS) at 5.53%. While the IT sector has recently faced headwinds, with TCS.NS showing a P&L of -29.95% and INFY.NS at -11.39% amidst muted Q3 earnings and decelerating revenue growth, we acknowledge the sector's long-term potential. The global tech rally driven by AI optimism and the strong positioning of Indian IT firms through their global delivery models suggest a potential recovery in the latter half of FY25. We continue to monitor these dynamics closely, balancing current performance with future growth prospects.","allocation":[{"sector":"Information Technology","weight_pct":13.03,"value_inr":350667.11}],"holdings_referenced":["TCS.NS","INFY.NS"],"sources":["IT Sector Faces Headwinds: TCS and Infosys Report Muted Earnings","Global Tech Stocks Rally on AI Optimism","news_02.md","portfolio_news_DIXON.NS","news_12.md","news_15.md","portfolio_news_RELIANCE.NS"],"tools_used":[]}
✨ [14:01:06] INFO     │ portfolio_ask   │ ============================================================
✨ [14:01:06] INFO     │ portfolio_ask   │ NEW SESSION STARTED
✨ [14:01:06] INFO     │ portfolio_ask   │ ============================================================
✨ [14:03:25] INFO     │ portfolio_ask   │ Slash Command: /quit
✨ [14:23:22] INFO     │ portfolio_ask   │ ============================================================
✨ [14:23:22] INFO     │ portfolio_ask   │ NEW SESSION STARTED
✨ [14:23:22] INFO     │ portfolio_ask   │ ============================================================
